{
  "stats": {
    "suites": 1,
    "tests": 1,
    "passes": 0,
    "pending": 0,
    "failures": 1,
    "start": "2021-05-28T10:16:10.247Z",
    "end": "2021-05-28T10:16:16.632Z",
    "duration": 6385,
    "testsRegistered": 1,
    "passPercent": 0,
    "pendingPercent": 0,
    "other": 0,
    "hasOther": false,
    "skipped": 0,
    "hasSkipped": false
  },
  "results": [
    {
      "uuid": "de986989-1cf0-4bc3-87d9-b658d2d7af35",
      "title": "",
      "fullFile": "cypress/integration/list_transaction_spec.js",
      "file": "cypress/integration/list_transaction_spec.js",
      "beforeHooks": [],
      "afterHooks": [],
      "tests": [],
      "suites": [
        {
          "uuid": "14fbdfa4-b494-4345-b3f5-7cba9b62de7f",
          "title": "Flip tes QA",
          "fullFile": "",
          "file": "",
          "beforeHooks": [],
          "afterHooks": [],
          "tests": [
            {
              "title": "should have same value",
              "fullTitle": "Flip tes QA should have same value",
              "timedOut": null,
              "duration": 5128,
              "state": "failed",
              "speed": null,
              "pass": false,
              "fail": true,
              "pending": false,
              "context": null,
              "code": "cy.visit('http://192.168.1.16:5000/');\ncy.get('#trans').find('td[id=\"id_1\"]').should('have.text', this.data[0].id).find('td[id=\"name_1\"]').should('have.text', this.data[0].username);",
              "err": {
                "message": "AssertionError: Timed out retrying after 4000ms: expected '<td#id_1>' to have text '011', but the text was '001'",
                "estack": "AssertionError: Timed out retrying after 4000ms: expected '<td#id_1>' to have text '011', but the text was '001'\n    at Context.eval (http://192.168.1.16:5000/__cypress/tests?p=cypress/integration/list_transaction_spec.js:108:44)",
                "diff": "- '001'\n+ '011'\n"
              },
              "uuid": "b0d8ff4a-5c91-4e02-b526-8a251efd7d14",
              "parentUUID": "14fbdfa4-b494-4345-b3f5-7cba9b62de7f",
              "isHook": false,
              "skipped": false
            }
          ],
          "suites": [],
          "passes": [],
          "failures": [
            "b0d8ff4a-5c91-4e02-b526-8a251efd7d14"
          ],
          "pending": [],
          "skipped": [],
          "duration": 5128,
          "root": false,
          "rootEmpty": false,
          "_timeout": 2000
        }
      ],
      "passes": [],
      "failures": [],
      "pending": [],
      "skipped": [],
      "duration": 0,
      "root": true,
      "rootEmpty": true,
      "_timeout": 2000
    }
  ],
  "meta": {
    "mocha": {
      "version": "7.0.1"
    },
    "mochawesome": {
      "options": {
        "quiet": false,
        "reportFilename": "mochawesome",
        "saveHtml": false,
        "saveJson": true,
        "consoleReporter": "spec",
        "useInlineDiffs": false,
        "code": true
      },
      "version": "6.2.2"
    },
    "marge": {
      "options": {
        "overwrite": false,
        "html": false,
        "json": true
      },
      "version": "5.2.0"
    }
  }
}